<?xml version="1.0" encoding="UTF-8"?>
<testng-results skipped="0" failed="0" ignored="0" total="2" passed="2">
  <reporter-output>
  </reporter-output>
  <suite name="Suite" duration-ms="27162" started-at="2021-06-24T12:29:46Z" finished-at="2021-06-24T12:30:13Z">
    <groups>
    </groups>
    <test name="Test" duration-ms="27162" started-at="2021-06-24T12:29:46Z" finished-at="2021-06-24T12:30:13Z">
      <class name="test.Testapi">
        <test-method status="PASS" signature="setup()[pri:0, instance:test.Testapi@bf9759]" name="setup" is-config="true" duration-ms="22612" started-at="2021-06-24T12:29:46Z" finished-at="2021-06-24T12:30:08Z">
          <reporter-output>
          </reporter-output>
        </test-method> <!-- setup -->
        <test-method status="PASS" signature="testcase1()[pri:0, instance:test.Testapi@bf9759]" name="testcase1" duration-ms="2870" started-at="2021-06-24T12:30:08Z" finished-at="2021-06-24T12:30:11Z">
          <reporter-output>
          </reporter-output>
        </test-method> <!-- testcase1 -->
        <test-method status="PASS" signature="testcase2()[pri:0, instance:test.Testapi@bf9759]" name="testcase2" duration-ms="1647" started-at="2021-06-24T12:30:11Z" depends-on-methods="test.Testapi.testcase1" finished-at="2021-06-24T12:30:13Z">
          <reporter-output>
          </reporter-output>
        </test-method> <!-- testcase2 -->
      </class> <!-- test.Testapi -->
    </test> <!-- Test -->
  </suite> <!-- Suite -->
</testng-results>
